<?xml version="1.0" encoding="UTF-8"?>
<testng-results skipped="0" failed="0" ignored="0" total="1" passed="1">
  <reporter-output>
  </reporter-output>
  <suite name="Suite" duration-ms="27451" started-at="2019-02-11T08:54:06Z" finished-at="2019-02-11T08:54:34Z">
    <groups>
    </groups>
    <test name="Test" duration-ms="27451" started-at="2019-02-11T08:54:06Z" finished-at="2019-02-11T08:54:34Z">
      <class name="com.myprojectmaven.MyProjectMaven.NewTest">
        <test-method status="PASS" signature="verifytestApp()[pri:0, instance:com.myprojectmaven.MyProjectMaven.NewTest@23223dd8]" name="verifytestApp" duration-ms="27383" started-at="2019-02-11T08:54:06Z" finished-at="2019-02-11T08:54:34Z">
          <reporter-output>
          </reporter-output>
        </test-method> <!-- verifytestApp -->
      </class> <!-- com.myprojectmaven.MyProjectMaven.NewTest -->
    </test> <!-- Test -->
  </suite> <!-- Suite -->
</testng-results>
